<?xml version="1.0" encoding="UTF-8"?>
<testsuite xmlns:xsi="http://www.w3.org/2001/XMLSchema-instance" xsi:noNamespaceSchemaLocation="https://maven.apache.org/surefire/maven-surefire-plugin/xsd/surefire-test-report.xsd" name="CheckCode_OCR.CheckCode_OCR.AppTest" time="0.208" tests="1" errors="0" skipped="0" failures="0">
  <properties>
    <property name="gopherProxySet" value="false"/>
    <property name="awt.toolkit" value="sun.lwawt.macosx.LWCToolkit"/>
    <property name="file.encoding.pkg" value="sun.io"/>
    <property name="java.specification.version" value="1.8"/>
    <property name="sun.cpu.isalist" value=""/>
    <property name="sun.jnu.encoding" value="UTF-8"/>
    <property name="java.class.path" value="/Users/lee/Documents/localCode/CheckCode-OCR/target/test-classes:/Users/lee/Documents/localCode/CheckCode-OCR/target/classes:/Users/lee/Documents/mavenCode/junit/junit/3.8.1/junit-3.8.1.jar:/Users/lee/Documents/mavenCode/org/springframework/boot/spring-boot-starter/2.0.5.RELEASE/spring-boot-starter-2.0.5.RELEASE.jar:/Users/lee/Documents/mavenCode/org/springframework/boot/spring-boot/2.0.5.RELEASE/spring-boot-2.0.5.RELEASE.jar:/Users/lee/Documents/mavenCode/org/springframework/boot/spring-boot-autoconfigure/2.0.5.RELEASE/spring-boot-autoconfigure-2.0.5.RELEASE.jar:/Users/lee/Documents/mavenCode/org/springframework/boot/spring-boot-starter-logging/2.0.5.RELEASE/spring-boot-starter-logging-2.0.5.RELEASE.jar:/Users/lee/Documents/mavenCode/org/apache/logging/log4j/log4j-to-slf4j/2.10.0/log4j-to-slf4j-2.10.0.jar:/Users/lee/Documents/mavenCode/javax/annotation/javax.annotation-api/1.3.2/javax.annotation-api-1.3.2.jar:/Users/lee/Documents/mavenCode/org/springframework/spring-core/5.0.9.RELEASE/spring-core-5.0.9.RELEASE.jar:/Users/lee/Documents/mavenCode/org/springframework/spring-jcl/5.0.9.RELEASE/spring-jcl-5.0.9.RELEASE.jar:/Users/lee/Documents/mavenCode/org/yaml/snakeyaml/1.19/snakeyaml-1.19.jar:/Users/lee/Documents/mavenCode/org/springframework/boot/spring-boot-starter-hateoas/2.0.5.RELEASE/spring-boot-starter-hateoas-2.0.5.RELEASE.jar:/Users/lee/Documents/mavenCode/org/springframework/boot/spring-boot-starter-web/2.0.5.RELEASE/spring-boot-starter-web-2.0.5.RELEASE.jar:/Users/lee/Documents/mavenCode/org/springframework/boot/spring-boot-starter-json/2.0.5.RELEASE/spring-boot-starter-json-2.0.5.RELEASE.jar:/Users/lee/Documents/mavenCode/com/fasterxml/jackson/core/jackson-databind/2.9.6/jackson-databind-2.9.6.jar:/Users/lee/Documents/mavenCode/com/fasterxml/jackson/core/jackson-annotations/2.9.0/jackson-annotations-2.9.0.jar:/Users/lee/Documents/mavenCode/com/fasterxml/jackson/core/jackson-core/2.9.6/jackson-core-2.9.6.jar:/Users/lee/Documents/mavenCode/com/fasterxml/jackson/datatype/jackson-datatype-jdk8/2.9.6/jackson-datatype-jdk8-2.9.6.jar:/Users/lee/Documents/mavenCode/com/fasterxml/jackson/datatype/jackson-datatype-jsr310/2.9.6/jackson-datatype-jsr310-2.9.6.jar:/Users/lee/Documents/mavenCode/com/fasterxml/jackson/module/jackson-module-parameter-names/2.9.6/jackson-module-parameter-names-2.9.6.jar:/Users/lee/Documents/mavenCode/org/springframework/boot/spring-boot-starter-tomcat/2.0.5.RELEASE/spring-boot-starter-tomcat-2.0.5.RELEASE.jar:/Users/lee/Documents/mavenCode/org/apache/tomcat/embed/tomcat-embed-core/8.5.34/tomcat-embed-core-8.5.34.jar:/Users/lee/Documents/mavenCode/org/apache/tomcat/embed/tomcat-embed-el/8.5.34/tomcat-embed-el-8.5.34.jar:/Users/lee/Documents/mavenCode/org/apache/tomcat/embed/tomcat-embed-websocket/8.5.34/tomcat-embed-websocket-8.5.34.jar:/Users/lee/Documents/mavenCode/org/hibernate/validator/hibernate-validator/6.0.12.Final/hibernate-validator-6.0.12.Final.jar:/Users/lee/Documents/mavenCode/javax/validation/validation-api/2.0.1.Final/validation-api-2.0.1.Final.jar:/Users/lee/Documents/mavenCode/org/springframework/hateoas/spring-hateoas/0.25.0.RELEASE/spring-hateoas-0.25.0.RELEASE.jar:/Users/lee/Documents/mavenCode/org/springframework/plugin/spring-plugin-core/1.2.0.RELEASE/spring-plugin-core-1.2.0.RELEASE.jar:/Users/lee/Documents/mavenCode/org/springframework/boot/spring-boot-starter-test/2.0.5.RELEASE/spring-boot-starter-test-2.0.5.RELEASE.jar:/Users/lee/Documents/mavenCode/org/springframework/boot/spring-boot-test/2.0.5.RELEASE/spring-boot-test-2.0.5.RELEASE.jar:/Users/lee/Documents/mavenCode/org/springframework/boot/spring-boot-test-autoconfigure/2.0.5.RELEASE/spring-boot-test-autoconfigure-2.0.5.RELEASE.jar:/Users/lee/Documents/mavenCode/com/jayway/jsonpath/json-path/2.4.0/json-path-2.4.0.jar:/Users/lee/Documents/mavenCode/net/minidev/json-smart/2.3/json-smart-2.3.jar:/Users/lee/Documents/mavenCode/net/minidev/accessors-smart/1.2/accessors-smart-1.2.jar:/Users/lee/Documents/mavenCode/org/ow2/asm/asm/5.0.4/asm-5.0.4.jar:/Users/lee/Documents/mavenCode/org/assertj/assertj-core/3.9.1/assertj-core-3.9.1.jar:/Users/lee/Documents/mavenCode/org/mockito/mockito-core/2.15.0/mockito-core-2.15.0.jar:/Users/lee/Documents/mavenCode/net/bytebuddy/byte-buddy/1.7.11/byte-buddy-1.7.11.jar:/Users/lee/Documents/mavenCode/net/bytebuddy/byte-buddy-agent/1.7.11/byte-buddy-agent-1.7.11.jar:/Users/lee/Documents/mavenCode/org/objenesis/objenesis/2.6/objenesis-2.6.jar:/Users/lee/Documents/mavenCode/org/hamcrest/hamcrest-core/1.3/hamcrest-core-1.3.jar:/Users/lee/Documents/mavenCode/org/hamcrest/hamcrest-library/1.3/hamcrest-library-1.3.jar:/Users/lee/Documents/mavenCode/org/skyscreamer/jsonassert/1.5.0/jsonassert-1.5.0.jar:/Users/lee/Documents/mavenCode/com/vaadin/external/google/android-json/0.0.20131108.vaadin1/android-json-0.0.20131108.vaadin1.jar:/Users/lee/Documents/mavenCode/org/springframework/spring-test/5.0.9.RELEASE/spring-test-5.0.9.RELEASE.jar:/Users/lee/Documents/mavenCode/org/xmlunit/xmlunit-core/2.5.1/xmlunit-core-2.5.1.jar:/Users/lee/Documents/mavenCode/com/blue/blue-core/2.0/blue-core-2.0.jar:/Users/lee/Documents/mavenCode/org/springframework/spring-beans/5.0.9.RELEASE/spring-beans-5.0.9.RELEASE.jar:/Users/lee/Documents/mavenCode/org/springframework/spring-aop/5.0.9.RELEASE/spring-aop-5.0.9.RELEASE.jar:/Users/lee/Documents/mavenCode/cglib/cglib-nodep/3.2.4/cglib-nodep-3.2.4.jar:/Users/lee/Documents/mavenCode/org/aspectj/aspectjweaver/1.8.13/aspectjweaver-1.8.13.jar:/Users/lee/Documents/mavenCode/org/springframework/spring-jdbc/5.0.9.RELEASE/spring-jdbc-5.0.9.RELEASE.jar:/Users/lee/Documents/mavenCode/org/springframework/spring-tx/5.0.9.RELEASE/spring-tx-5.0.9.RELEASE.jar:/Users/lee/Documents/mavenCode/org/springframework/spring-web/5.0.9.RELEASE/spring-web-5.0.9.RELEASE.jar:/Users/lee/Documents/mavenCode/org/springframework/spring-webmvc/5.0.9.RELEASE/spring-webmvc-5.0.9.RELEASE.jar:/Users/lee/Documents/mavenCode/org/springframework/spring-expression/5.0.9.RELEASE/spring-expression-5.0.9.RELEASE.jar:/Users/lee/Documents/mavenCode/org/springframework/spring-context/5.0.9.RELEASE/spring-context-5.0.9.RELEASE.jar:/Users/lee/Documents/mavenCode/org/springframework/spring-context-support/5.0.9.RELEASE/spring-context-support-5.0.9.RELEASE.jar:/Users/lee/Documents/mavenCode/org/springframework/spring-messaging/5.0.9.RELEASE/spring-messaging-5.0.9.RELEASE.jar:/Users/lee/Documents/mavenCode/org/springframework/spring-oxm/5.0.9.RELEASE/spring-oxm-5.0.9.RELEASE.jar:/Users/lee/Documents/mavenCode/org/springframework/spring-websocket/5.0.9.RELEASE/spring-websocket-5.0.9.RELEASE.jar:/Users/lee/Documents/mavenCode/mysql/mysql-connector-java/5.1.47/mysql-connector-java-5.1.47.jar:/Users/lee/Documents/mavenCode/org/slf4j/jcl-over-slf4j/1.7.25/jcl-over-slf4j-1.7.25.jar:/Users/lee/Documents/mavenCode/org/apache/logging/log4j/log4j-api/2.10.0/log4j-api-2.10.0.jar:/Users/lee/Documents/mavenCode/org/apache/logging/log4j/log4j-core/2.10.0/log4j-core-2.10.0.jar:/Users/lee/Documents/mavenCode/com/lmax/disruptor/3.3.6/disruptor-3.3.6.jar:/Users/lee/Documents/mavenCode/commons-fileupload/commons-fileupload/1.3.2/commons-fileupload-1.3.2.jar:/Users/lee/Documents/mavenCode/commons-codec/commons-codec/1.11/commons-codec-1.11.jar:/Users/lee/Documents/mavenCode/commons-io/commons-io/2.5/commons-io-2.5.jar:/Users/lee/Documents/mavenCode/org/apache/commons/commons-compress/1.12/commons-compress-1.12.jar:/Users/lee/Documents/mavenCode/org/apache/commons/commons-dbcp2/2.2.0/commons-dbcp2-2.2.0.jar:/Users/lee/Documents/mavenCode/org/apache/commons/commons-pool2/2.5.0/commons-pool2-2.5.0.jar:/Users/lee/Documents/mavenCode/org/apache/commons/commons-lang3/3.7/commons-lang3-3.7.jar:/Users/lee/Documents/mavenCode/org/apache/commons/commons-csv/1.4/commons-csv-1.4.jar:/Users/lee/Documents/mavenCode/com/alibaba/fastjson/1.2.24/fastjson-1.2.24.jar:/Users/lee/Documents/mavenCode/org/jsoup/jsoup/1.10.2/jsoup-1.10.2.jar:/Users/lee/Documents/mavenCode/org/freemarker/freemarker/2.3.28/freemarker-2.3.28.jar:/Users/lee/Documents/mavenCode/net/coobird/thumbnailator/0.4.8/thumbnailator-0.4.8.jar:/Users/lee/Documents/mavenCode/com/sun/mail/javax.mail/1.6.2/javax.mail-1.6.2.jar:/Users/lee/Documents/mavenCode/javax/activation/activation/1.1.1/activation-1.1.1.jar:/Users/lee/Documents/mavenCode/org/apache/poi/poi/3.15/poi-3.15.jar:/Users/lee/Documents/mavenCode/org/apache/commons/commons-collections4/4.1/commons-collections4-4.1.jar:/Users/lee/Documents/mavenCode/org/apache/poi/poi-ooxml/3.15/poi-ooxml-3.15.jar:/Users/lee/Documents/mavenCode/org/apache/poi/poi-ooxml-schemas/3.15/poi-ooxml-schemas-3.15.jar:/Users/lee/Documents/mavenCode/org/apache/xmlbeans/xmlbeans/2.6.0/xmlbeans-2.6.0.jar:/Users/lee/Documents/mavenCode/com/github/virtuald/curvesapi/1.04/curvesapi-1.04.jar:/Users/lee/Documents/mavenCode/com/blue/blue-http/2.0/blue-http-2.0.jar:/Users/lee/Documents/mavenCode/com/blue/blue-validation/2.0/blue-validation-2.0.jar:/Users/lee/Documents/mavenCode/org/hibernate/hibernate-validator/5.3.3.Final/hibernate-validator-5.3.3.Final.jar:/Users/lee/Documents/mavenCode/org/jboss/logging/jboss-logging/3.3.2.Final/jboss-logging-3.3.2.Final.jar:/Users/lee/Documents/mavenCode/com/fasterxml/classmate/1.3.4/classmate-1.3.4.jar:/Users/lee/Documents/mavenCode/org/apache/tomcat/tomcat-jasper-el/8.0.39/tomcat-jasper-el-8.0.39.jar:/Users/lee/Documents/mavenCode/org/apache/tomcat/tomcat-el-api/8.0.39/tomcat-el-api-8.0.39.jar:/Users/lee/Documents/mavenCode/com/blue/blue-spring/2.0/blue-spring-2.0.jar:/Users/lee/Documents/mavenCode/org/springframework/data/spring-data-commons/2.0.10.RELEASE/spring-data-commons-2.0.10.RELEASE.jar:/Users/lee/Documents/mavenCode/org/springframework/data/spring-data-redis/2.0.10.RELEASE/spring-data-redis-2.0.10.RELEASE.jar:/Users/lee/Documents/mavenCode/org/springframework/data/spring-data-keyvalue/2.0.10.RELEASE/spring-data-keyvalue-2.0.10.RELEASE.jar:/Users/lee/Documents/mavenCode/redis/clients/jedis/2.9.0/jedis-2.9.0.jar:/Users/lee/Documents/mavenCode/org/springframework/amqp/spring-amqp/2.0.6.RELEASE/spring-amqp-2.0.6.RELEASE.jar:/Users/lee/Documents/mavenCode/org/springframework/retry/spring-retry/1.2.2.RELEASE/spring-retry-1.2.2.RELEASE.jar:/Users/lee/Documents/mavenCode/org/springframework/amqp/spring-rabbit/2.0.6.RELEASE/spring-rabbit-2.0.6.RELEASE.jar:/Users/lee/Documents/mavenCode/com/rabbitmq/amqp-client/5.4.1/amqp-client-5.4.1.jar:/Users/lee/Documents/mavenCode/org/apache/httpcomponents/httpcore/4.4.10/httpcore-4.4.10.jar:/Users/lee/Documents/mavenCode/org/apache/httpcomponents/httpcore-nio/4.4.10/httpcore-nio-4.4.10.jar:/Users/lee/Documents/mavenCode/org/apache/httpcomponents/httpclient/4.5.6/httpclient-4.5.6.jar:/Users/lee/Documents/mavenCode/org/apache/httpcomponents/httpmime/4.5.6/httpmime-4.5.6.jar:/Users/lee/Documents/mavenCode/org/apache/httpcomponents/httpasyncclient/4.1.4/httpasyncclient-4.1.4.jar:/Users/lee/Documents/mavenCode/io/netty/netty-all/4.1.29.Final/netty-all-4.1.29.Final.jar:/Users/lee/Documents/mavenCode/org/testng/testng/6.11/testng-6.11.jar:/Users/lee/Documents/mavenCode/com/beust/jcommander/1.64/jcommander-1.64.jar:/Users/lee/Documents/mavenCode/net/sourceforge/tess4j/tess4j/3.5.0/tess4j-3.5.0.jar:/Users/lee/Documents/mavenCode/com/github/jai-imageio/jai-imageio-core/1.4.0/jai-imageio-core-1.4.0.jar:/Users/lee/Documents/mavenCode/org/ghost4j/ghost4j/1.0.1/ghost4j-1.0.1.jar:/Users/lee/Documents/mavenCode/commons-beanutils/commons-beanutils/1.9.2/commons-beanutils-1.9.2.jar:/Users/lee/Documents/mavenCode/commons-collections/commons-collections/3.2.1/commons-collections-3.2.1.jar:/Users/lee/Documents/mavenCode/org/apache/xmlgraphics/xmlgraphics-commons/1.4/xmlgraphics-commons-1.4.jar:/Users/lee/Documents/mavenCode/com/lowagie/itext/2.1.7/itext-2.1.7.jar:/Users/lee/Documents/mavenCode/org/apache/pdfbox/pdfbox/2.0.10/pdfbox-2.0.10.jar:/Users/lee/Documents/mavenCode/org/apache/pdfbox/fontbox/2.0.10/fontbox-2.0.10.jar:/Users/lee/Documents/mavenCode/commons-logging/commons-logging/1.2/commons-logging-1.2.jar:/Users/lee/Documents/mavenCode/org/apache/pdfbox/pdfbox-tools/2.0.11/pdfbox-tools-2.0.11.jar:/Users/lee/Documents/mavenCode/org/apache/pdfbox/pdfbox-debugger/2.0.11/pdfbox-debugger-2.0.11.jar:/Users/lee/Documents/mavenCode/org/apache/pdfbox/jbig2-imageio/3.0.1/jbig2-imageio-3.0.1.jar:/Users/lee/Documents/mavenCode/net/sourceforge/lept4j/lept4j/1.6.5/lept4j-1.6.5.jar:/Users/lee/Documents/mavenCode/org/jboss/jboss-vfs/3.2.12.Final/jboss-vfs-3.2.12.Final.jar:/Users/lee/Documents/mavenCode/ch/qos/logback/logback-classic/1.2.3/logback-classic-1.2.3.jar:/Users/lee/Documents/mavenCode/ch/qos/logback/logback-core/1.2.3/logback-core-1.2.3.jar:/Users/lee/Documents/mavenCode/org/slf4j/jul-to-slf4j/1.7.25/jul-to-slf4j-1.7.25.jar:/Users/lee/Documents/mavenCode/org/slf4j/log4j-over-slf4j/1.7.25/log4j-over-slf4j-1.7.25.jar:/Users/lee/Documents/mavenCode/net/java/dev/jna/jna/4.4.0/jna-4.4.0.jar:/Users/lee/Documents/mavenCode/log4j/log4j/1.2.17/log4j-1.2.17.jar:/Users/lee/Documents/mavenCode/org/slf4j/slf4j-api/1.7.25/slf4j-api-1.7.25.jar:/Users/lee/Documents/mavenCode/org/slf4j/slf4j-log4j12/1.7.25/slf4j-log4j12-1.7.25.jar:/Users/lee/Documents/mavenCode/org/slf4j/slf4j-simple/1.7.25/slf4j-simple-1.7.25.jar:/Users/lee/Documents/mavenCode/org/apache/logging/log4j/log4j-slf4j-impl/2.9.1/log4j-slf4j-impl-2.9.1.jar:/Users/lee/Documents/mavenCode/org/apache/maven/surefire/surefire-testng-utils/2.21.0/surefire-testng-utils-2.21.0.jar:/Users/lee/Documents/mavenCode/org/apache/maven/surefire/surefire-grouper/2.21.0/surefire-grouper-2.21.0.jar:"/>
    <property name="java.vm.vendor" value="Oracle Corporation"/>
    <property name="sun.arch.data.model" value="64"/>
    <property name="java.vendor.url" value="http://java.oracle.com/"/>
    <property name="user.timezone" value=""/>
    <property name="java.vm.specification.version" value="1.8"/>
    <property name="os.name" value="Mac OS X"/>
    <property name="user.country" value="CN"/>
    <property name="sun.java.launcher" value="SUN_STANDARD"/>
    <property name="sun.boot.library.path" value="/Library/Java/JavaVirtualMachines/jdk1.8.0_162.jdk/Contents/Home/jre/lib"/>
    <property name="sun.java.command" value="/Users/lee/Documents/localCode/CheckCode-OCR/target/surefire/surefirebooter7931191893457050808.jar /Users/lee/Documents/localCode/CheckCode-OCR/target/surefire 2018-10-19T16-34-59_091-jvmRun1 surefire8509216136496878019tmp surefire_06895772339135240892tmp"/>
    <property name="surefire.test.class.path" value="/Users/lee/Documents/localCode/CheckCode-OCR/target/test-classes:/Users/lee/Documents/localCode/CheckCode-OCR/target/classes:/Users/lee/Documents/mavenCode/junit/junit/3.8.1/junit-3.8.1.jar:/Users/lee/Documents/mavenCode/org/springframework/boot/spring-boot-starter/2.0.5.RELEASE/spring-boot-starter-2.0.5.RELEASE.jar:/Users/lee/Documents/mavenCode/org/springframework/boot/spring-boot/2.0.5.RELEASE/spring-boot-2.0.5.RELEASE.jar:/Users/lee/Documents/mavenCode/org/springframework/boot/spring-boot-autoconfigure/2.0.5.RELEASE/spring-boot-autoconfigure-2.0.5.RELEASE.jar:/Users/lee/Documents/mavenCode/org/springframework/boot/spring-boot-starter-logging/2.0.5.RELEASE/spring-boot-starter-logging-2.0.5.RELEASE.jar:/Users/lee/Documents/mavenCode/org/apache/logging/log4j/log4j-to-slf4j/2.10.0/log4j-to-slf4j-2.10.0.jar:/Users/lee/Documents/mavenCode/javax/annotation/javax.annotation-api/1.3.2/javax.annotation-api-1.3.2.jar:/Users/lee/Documents/mavenCode/org/springframework/spring-core/5.0.9.RELEASE/spring-core-5.0.9.RELEASE.jar:/Users/lee/Documents/mavenCode/org/springframework/spring-jcl/5.0.9.RELEASE/spring-jcl-5.0.9.RELEASE.jar:/Users/lee/Documents/mavenCode/org/yaml/snakeyaml/1.19/snakeyaml-1.19.jar:/Users/lee/Documents/mavenCode/org/springframework/boot/spring-boot-starter-hateoas/2.0.5.RELEASE/spring-boot-starter-hateoas-2.0.5.RELEASE.jar:/Users/lee/Documents/mavenCode/org/springframework/boot/spring-boot-starter-web/2.0.5.RELEASE/spring-boot-starter-web-2.0.5.RELEASE.jar:/Users/lee/Documents/mavenCode/org/springframework/boot/spring-boot-starter-json/2.0.5.RELEASE/spring-boot-starter-json-2.0.5.RELEASE.jar:/Users/lee/Documents/mavenCode/com/fasterxml/jackson/core/jackson-databind/2.9.6/jackson-databind-2.9.6.jar:/Users/lee/Documents/mavenCode/com/fasterxml/jackson/core/jackson-annotations/2.9.0/jackson-annotations-2.9.0.jar:/Users/lee/Documents/mavenCode/com/fasterxml/jackson/core/jackson-core/2.9.6/jackson-core-2.9.6.jar:/Users/lee/Documents/mavenCode/com/fasterxml/jackson/datatype/jackson-datatype-jdk8/2.9.6/jackson-datatype-jdk8-2.9.6.jar:/Users/lee/Documents/mavenCode/com/fasterxml/jackson/datatype/jackson-datatype-jsr310/2.9.6/jackson-datatype-jsr310-2.9.6.jar:/Users/lee/Documents/mavenCode/com/fasterxml/jackson/module/jackson-module-parameter-names/2.9.6/jackson-module-parameter-names-2.9.6.jar:/Users/lee/Documents/mavenCode/org/springframework/boot/spring-boot-starter-tomcat/2.0.5.RELEASE/spring-boot-starter-tomcat-2.0.5.RELEASE.jar:/Users/lee/Documents/mavenCode/org/apache/tomcat/embed/tomcat-embed-core/8.5.34/tomcat-embed-core-8.5.34.jar:/Users/lee/Documents/mavenCode/org/apache/tomcat/embed/tomcat-embed-el/8.5.34/tomcat-embed-el-8.5.34.jar:/Users/lee/Documents/mavenCode/org/apache/tomcat/embed/tomcat-embed-websocket/8.5.34/tomcat-embed-websocket-8.5.34.jar:/Users/lee/Documents/mavenCode/org/hibernate/validator/hibernate-validator/6.0.12.Final/hibernate-validator-6.0.12.Final.jar:/Users/lee/Documents/mavenCode/javax/validation/validation-api/2.0.1.Final/validation-api-2.0.1.Final.jar:/Users/lee/Documents/mavenCode/org/springframework/hateoas/spring-hateoas/0.25.0.RELEASE/spring-hateoas-0.25.0.RELEASE.jar:/Users/lee/Documents/mavenCode/org/springframework/plugin/spring-plugin-core/1.2.0.RELEASE/spring-plugin-core-1.2.0.RELEASE.jar:/Users/lee/Documents/mavenCode/org/springframework/boot/spring-boot-starter-test/2.0.5.RELEASE/spring-boot-starter-test-2.0.5.RELEASE.jar:/Users/lee/Documents/mavenCode/org/springframework/boot/spring-boot-test/2.0.5.RELEASE/spring-boot-test-2.0.5.RELEASE.jar:/Users/lee/Documents/mavenCode/org/springframework/boot/spring-boot-test-autoconfigure/2.0.5.RELEASE/spring-boot-test-autoconfigure-2.0.5.RELEASE.jar:/Users/lee/Documents/mavenCode/com/jayway/jsonpath/json-path/2.4.0/json-path-2.4.0.jar:/Users/lee/Documents/mavenCode/net/minidev/json-smart/2.3/json-smart-2.3.jar:/Users/lee/Documents/mavenCode/net/minidev/accessors-smart/1.2/accessors-smart-1.2.jar:/Users/lee/Documents/mavenCode/org/ow2/asm/asm/5.0.4/asm-5.0.4.jar:/Users/lee/Documents/mavenCode/org/assertj/assertj-core/3.9.1/assertj-core-3.9.1.jar:/Users/lee/Documents/mavenCode/org/mockito/mockito-core/2.15.0/mockito-core-2.15.0.jar:/Users/lee/Documents/mavenCode/net/bytebuddy/byte-buddy/1.7.11/byte-buddy-1.7.11.jar:/Users/lee/Documents/mavenCode/net/bytebuddy/byte-buddy-agent/1.7.11/byte-buddy-agent-1.7.11.jar:/Users/lee/Documents/mavenCode/org/objenesis/objenesis/2.6/objenesis-2.6.jar:/Users/lee/Documents/mavenCode/org/hamcrest/hamcrest-core/1.3/hamcrest-core-1.3.jar:/Users/lee/Documents/mavenCode/org/hamcrest/hamcrest-library/1.3/hamcrest-library-1.3.jar:/Users/lee/Documents/mavenCode/org/skyscreamer/jsonassert/1.5.0/jsonassert-1.5.0.jar:/Users/lee/Documents/mavenCode/com/vaadin/external/google/android-json/0.0.20131108.vaadin1/android-json-0.0.20131108.vaadin1.jar:/Users/lee/Documents/mavenCode/org/springframework/spring-test/5.0.9.RELEASE/spring-test-5.0.9.RELEASE.jar:/Users/lee/Documents/mavenCode/org/xmlunit/xmlunit-core/2.5.1/xmlunit-core-2.5.1.jar:/Users/lee/Documents/mavenCode/com/blue/blue-core/2.0/blue-core-2.0.jar:/Users/lee/Documents/mavenCode/org/springframework/spring-beans/5.0.9.RELEASE/spring-beans-5.0.9.RELEASE.jar:/Users/lee/Documents/mavenCode/org/springframework/spring-aop/5.0.9.RELEASE/spring-aop-5.0.9.RELEASE.jar:/Users/lee/Documents/mavenCode/cglib/cglib-nodep/3.2.4/cglib-nodep-3.2.4.jar:/Users/lee/Documents/mavenCode/org/aspectj/aspectjweaver/1.8.13/aspectjweaver-1.8.13.jar:/Users/lee/Documents/mavenCode/org/springframework/spring-jdbc/5.0.9.RELEASE/spring-jdbc-5.0.9.RELEASE.jar:/Users/lee/Documents/mavenCode/org/springframework/spring-tx/5.0.9.RELEASE/spring-tx-5.0.9.RELEASE.jar:/Users/lee/Documents/mavenCode/org/springframework/spring-web/5.0.9.RELEASE/spring-web-5.0.9.RELEASE.jar:/Users/lee/Documents/mavenCode/org/springframework/spring-webmvc/5.0.9.RELEASE/spring-webmvc-5.0.9.RELEASE.jar:/Users/lee/Documents/mavenCode/org/springframework/spring-expression/5.0.9.RELEASE/spring-expression-5.0.9.RELEASE.jar:/Users/lee/Documents/mavenCode/org/springframework/spring-context/5.0.9.RELEASE/spring-context-5.0.9.RELEASE.jar:/Users/lee/Documents/mavenCode/org/springframework/spring-context-support/5.0.9.RELEASE/spring-context-support-5.0.9.RELEASE.jar:/Users/lee/Documents/mavenCode/org/springframework/spring-messaging/5.0.9.RELEASE/spring-messaging-5.0.9.RELEASE.jar:/Users/lee/Documents/mavenCode/org/springframework/spring-oxm/5.0.9.RELEASE/spring-oxm-5.0.9.RELEASE.jar:/Users/lee/Documents/mavenCode/org/springframework/spring-websocket/5.0.9.RELEASE/spring-websocket-5.0.9.RELEASE.jar:/Users/lee/Documents/mavenCode/mysql/mysql-connector-java/5.1.47/mysql-connector-java-5.1.47.jar:/Users/lee/Documents/mavenCode/org/slf4j/jcl-over-slf4j/1.7.25/jcl-over-slf4j-1.7.25.jar:/Users/lee/Documents/mavenCode/org/apache/logging/log4j/log4j-api/2.10.0/log4j-api-2.10.0.jar:/Users/lee/Documents/mavenCode/org/apache/logging/log4j/log4j-core/2.10.0/log4j-core-2.10.0.jar:/Users/lee/Documents/mavenCode/com/lmax/disruptor/3.3.6/disruptor-3.3.6.jar:/Users/lee/Documents/mavenCode/commons-fileupload/commons-fileupload/1.3.2/commons-fileupload-1.3.2.jar:/Users/lee/Documents/mavenCode/commons-codec/commons-codec/1.11/commons-codec-1.11.jar:/Users/lee/Documents/mavenCode/commons-io/commons-io/2.5/commons-io-2.5.jar:/Users/lee/Documents/mavenCode/org/apache/commons/commons-compress/1.12/commons-compress-1.12.jar:/Users/lee/Documents/mavenCode/org/apache/commons/commons-dbcp2/2.2.0/commons-dbcp2-2.2.0.jar:/Users/lee/Documents/mavenCode/org/apache/commons/commons-pool2/2.5.0/commons-pool2-2.5.0.jar:/Users/lee/Documents/mavenCode/org/apache/commons/commons-lang3/3.7/commons-lang3-3.7.jar:/Users/lee/Documents/mavenCode/org/apache/commons/commons-csv/1.4/commons-csv-1.4.jar:/Users/lee/Documents/mavenCode/com/alibaba/fastjson/1.2.24/fastjson-1.2.24.jar:/Users/lee/Documents/mavenCode/org/jsoup/jsoup/1.10.2/jsoup-1.10.2.jar:/Users/lee/Documents/mavenCode/org/freemarker/freemarker/2.3.28/freemarker-2.3.28.jar:/Users/lee/Documents/mavenCode/net/coobird/thumbnailator/0.4.8/thumbnailator-0.4.8.jar:/Users/lee/Documents/mavenCode/com/sun/mail/javax.mail/1.6.2/javax.mail-1.6.2.jar:/Users/lee/Documents/mavenCode/javax/activation/activation/1.1.1/activation-1.1.1.jar:/Users/lee/Documents/mavenCode/org/apache/poi/poi/3.15/poi-3.15.jar:/Users/lee/Documents/mavenCode/org/apache/commons/commons-collections4/4.1/commons-collections4-4.1.jar:/Users/lee/Documents/mavenCode/org/apache/poi/poi-ooxml/3.15/poi-ooxml-3.15.jar:/Users/lee/Documents/mavenCode/org/apache/poi/poi-ooxml-schemas/3.15/poi-ooxml-schemas-3.15.jar:/Users/lee/Documents/mavenCode/org/apache/xmlbeans/xmlbeans/2.6.0/xmlbeans-2.6.0.jar:/Users/lee/Documents/mavenCode/com/github/virtuald/curvesapi/1.04/curvesapi-1.04.jar:/Users/lee/Documents/mavenCode/com/blue/blue-http/2.0/blue-http-2.0.jar:/Users/lee/Documents/mavenCode/com/blue/blue-validation/2.0/blue-validation-2.0.jar:/Users/lee/Documents/mavenCode/org/hibernate/hibernate-validator/5.3.3.Final/hibernate-validator-5.3.3.Final.jar:/Users/lee/Documents/mavenCode/org/jboss/logging/jboss-logging/3.3.2.Final/jboss-logging-3.3.2.Final.jar:/Users/lee/Documents/mavenCode/com/fasterxml/classmate/1.3.4/classmate-1.3.4.jar:/Users/lee/Documents/mavenCode/org/apache/tomcat/tomcat-jasper-el/8.0.39/tomcat-jasper-el-8.0.39.jar:/Users/lee/Documents/mavenCode/org/apache/tomcat/tomcat-el-api/8.0.39/tomcat-el-api-8.0.39.jar:/Users/lee/Documents/mavenCode/com/blue/blue-spring/2.0/blue-spring-2.0.jar:/Users/lee/Documents/mavenCode/org/springframework/data/spring-data-commons/2.0.10.RELEASE/spring-data-commons-2.0.10.RELEASE.jar:/Users/lee/Documents/mavenCode/org/springframework/data/spring-data-redis/2.0.10.RELEASE/spring-data-redis-2.0.10.RELEASE.jar:/Users/lee/Documents/mavenCode/org/springframework/data/spring-data-keyvalue/2.0.10.RELEASE/spring-data-keyvalue-2.0.10.RELEASE.jar:/Users/lee/Documents/mavenCode/redis/clients/jedis/2.9.0/jedis-2.9.0.jar:/Users/lee/Documents/mavenCode/org/springframework/amqp/spring-amqp/2.0.6.RELEASE/spring-amqp-2.0.6.RELEASE.jar:/Users/lee/Documents/mavenCode/org/springframework/retry/spring-retry/1.2.2.RELEASE/spring-retry-1.2.2.RELEASE.jar:/Users/lee/Documents/mavenCode/org/springframework/amqp/spring-rabbit/2.0.6.RELEASE/spring-rabbit-2.0.6.RELEASE.jar:/Users/lee/Documents/mavenCode/com/rabbitmq/amqp-client/5.4.1/amqp-client-5.4.1.jar:/Users/lee/Documents/mavenCode/org/apache/httpcomponents/httpcore/4.4.10/httpcore-4.4.10.jar:/Users/lee/Documents/mavenCode/org/apache/httpcomponents/httpcore-nio/4.4.10/httpcore-nio-4.4.10.jar:/Users/lee/Documents/mavenCode/org/apache/httpcomponents/httpclient/4.5.6/httpclient-4.5.6.jar:/Users/lee/Documents/mavenCode/org/apache/httpcomponents/httpmime/4.5.6/httpmime-4.5.6.jar:/Users/lee/Documents/mavenCode/org/apache/httpcomponents/httpasyncclient/4.1.4/httpasyncclient-4.1.4.jar:/Users/lee/Documents/mavenCode/io/netty/netty-all/4.1.29.Final/netty-all-4.1.29.Final.jar:/Users/lee/Documents/mavenCode/org/testng/testng/6.11/testng-6.11.jar:/Users/lee/Documents/mavenCode/com/beust/jcommander/1.64/jcommander-1.64.jar:/Users/lee/Documents/mavenCode/net/sourceforge/tess4j/tess4j/3.5.0/tess4j-3.5.0.jar:/Users/lee/Documents/mavenCode/com/github/jai-imageio/jai-imageio-core/1.4.0/jai-imageio-core-1.4.0.jar:/Users/lee/Documents/mavenCode/org/ghost4j/ghost4j/1.0.1/ghost4j-1.0.1.jar:/Users/lee/Documents/mavenCode/commons-beanutils/commons-beanutils/1.9.2/commons-beanutils-1.9.2.jar:/Users/lee/Documents/mavenCode/commons-collections/commons-collections/3.2.1/commons-collections-3.2.1.jar:/Users/lee/Documents/mavenCode/org/apache/xmlgraphics/xmlgraphics-commons/1.4/xmlgraphics-commons-1.4.jar:/Users/lee/Documents/mavenCode/com/lowagie/itext/2.1.7/itext-2.1.7.jar:/Users/lee/Documents/mavenCode/org/apache/pdfbox/pdfbox/2.0.10/pdfbox-2.0.10.jar:/Users/lee/Documents/mavenCode/org/apache/pdfbox/fontbox/2.0.10/fontbox-2.0.10.jar:/Users/lee/Documents/mavenCode/commons-logging/commons-logging/1.2/commons-logging-1.2.jar:/Users/lee/Documents/mavenCode/org/apache/pdfbox/pdfbox-tools/2.0.11/pdfbox-tools-2.0.11.jar:/Users/lee/Documents/mavenCode/org/apache/pdfbox/pdfbox-debugger/2.0.11/pdfbox-debugger-2.0.11.jar:/Users/lee/Documents/mavenCode/org/apache/pdfbox/jbig2-imageio/3.0.1/jbig2-imageio-3.0.1.jar:/Users/lee/Documents/mavenCode/net/sourceforge/lept4j/lept4j/1.6.5/lept4j-1.6.5.jar:/Users/lee/Documents/mavenCode/org/jboss/jboss-vfs/3.2.12.Final/jboss-vfs-3.2.12.Final.jar:/Users/lee/Documents/mavenCode/ch/qos/logback/logback-classic/1.2.3/logback-classic-1.2.3.jar:/Users/lee/Documents/mavenCode/ch/qos/logback/logback-core/1.2.3/logback-core-1.2.3.jar:/Users/lee/Documents/mavenCode/org/slf4j/jul-to-slf4j/1.7.25/jul-to-slf4j-1.7.25.jar:/Users/lee/Documents/mavenCode/org/slf4j/log4j-over-slf4j/1.7.25/log4j-over-slf4j-1.7.25.jar:/Users/lee/Documents/mavenCode/net/java/dev/jna/jna/4.4.0/jna-4.4.0.jar:/Users/lee/Documents/mavenCode/log4j/log4j/1.2.17/log4j-1.2.17.jar:/Users/lee/Documents/mavenCode/org/slf4j/slf4j-api/1.7.25/slf4j-api-1.7.25.jar:/Users/lee/Documents/mavenCode/org/slf4j/slf4j-log4j12/1.7.25/slf4j-log4j12-1.7.25.jar:/Users/lee/Documents/mavenCode/org/slf4j/slf4j-simple/1.7.25/slf4j-simple-1.7.25.jar:/Users/lee/Documents/mavenCode/org/apache/logging/log4j/log4j-slf4j-impl/2.9.1/log4j-slf4j-impl-2.9.1.jar:/Users/lee/Documents/mavenCode/org/apache/maven/surefire/surefire-testng-utils/2.21.0/surefire-testng-utils-2.21.0.jar:/Users/lee/Documents/mavenCode/org/apache/maven/surefire/surefire-grouper/2.21.0/surefire-grouper-2.21.0.jar:"/>
    <property name="sun.cpu.endian" value="little"/>
    <property name="user.home" value="/Users/lee"/>
    <property name="user.language" value="zh"/>
    <property name="java.specification.vendor" value="Oracle Corporation"/>
    <property name="java.home" value="/Library/Java/JavaVirtualMachines/jdk1.8.0_162.jdk/Contents/Home/jre"/>
    <property name="basedir" value="/Users/lee/Documents/localCode/CheckCode-OCR"/>
    <property name="file.separator" value="/"/>
    <property name="line.separator" value="&#10;"/>
    <property name="java.vm.specification.vendor" value="Oracle Corporation"/>
    <property name="java.specification.name" value="Java Platform API Specification"/>
    <property name="java.awt.graphicsenv" value="sun.awt.CGraphicsEnvironment"/>
    <property name="surefire.real.class.path" value="/Users/lee/Documents/localCode/CheckCode-OCR/target/surefire/surefirebooter7931191893457050808.jar"/>
    <property name="sun.boot.class.path" value="/Library/Java/JavaVirtualMachines/jdk1.8.0_162.jdk/Contents/Home/jre/lib/resources.jar:/Library/Java/JavaVirtualMachines/jdk1.8.0_162.jdk/Contents/Home/jre/lib/rt.jar:/Library/Java/JavaVirtualMachines/jdk1.8.0_162.jdk/Contents/Home/jre/lib/sunrsasign.jar:/Library/Java/JavaVirtualMachines/jdk1.8.0_162.jdk/Contents/Home/jre/lib/jsse.jar:/Library/Java/JavaVirtualMachines/jdk1.8.0_162.jdk/Contents/Home/jre/lib/jce.jar:/Library/Java/JavaVirtualMachines/jdk1.8.0_162.jdk/Contents/Home/jre/lib/charsets.jar:/Library/Java/JavaVirtualMachines/jdk1.8.0_162.jdk/Contents/Home/jre/lib/jfr.jar:/Library/Java/JavaVirtualMachines/jdk1.8.0_162.jdk/Contents/Home/jre/classes"/>
    <property name="sun.management.compiler" value="HotSpot 64-Bit Tiered Compilers"/>
    <property name="java.runtime.version" value="1.8.0_162-b12"/>
    <property name="user.name" value="lee"/>
    <property name="path.separator" value=":"/>
    <property name="os.version" value="10.13.6"/>
    <property name="java.endorsed.dirs" value="/Library/Java/JavaVirtualMachines/jdk1.8.0_162.jdk/Contents/Home/jre/lib/endorsed"/>
    <property name="java.runtime.name" value="Java(TM) SE Runtime Environment"/>
    <property name="file.encoding" value="UTF-8"/>
    <property name="java.vm.name" value="Java HotSpot(TM) 64-Bit Server VM"/>
    <property name="localRepository" value="/Users/lee/Documents/mavenCode"/>
    <property name="java.vendor.url.bug" value="http://bugreport.sun.com/bugreport/"/>
    <property name="java.io.tmpdir" value="/var/folders/wv/bh92y9_d4p1gbqtx40jftqlm0000gn/T/"/>
    <property name="java.version" value="1.8.0_162"/>
    <property name="user.dir" value="/Users/lee/Documents/localCode/CheckCode-OCR"/>
    <property name="os.arch" value="x86_64"/>
    <property name="java.vm.specification.name" value="Java Virtual Machine Specification"/>
    <property name="java.awt.printerjob" value="sun.lwawt.macosx.CPrinterJob"/>
    <property name="user.language.format" value="en"/>
    <property name="sun.os.patch.level" value="unknown"/>
    <property name="java.library.path" value="/Users/lee/Library/Java/Extensions:/Library/Java/Extensions:/Network/Library/Java/Extensions:/System/Library/Java/Extensions:/usr/lib/java:."/>
    <property name="java.vm.info" value="mixed mode"/>
    <property name="java.vendor" value="Oracle Corporation"/>
    <property name="java.vm.version" value="25.162-b12"/>
    <property name="java.ext.dirs" value="/Users/lee/Library/Java/Extensions:/Library/Java/JavaVirtualMachines/jdk1.8.0_162.jdk/Contents/Home/jre/lib/ext:/Library/Java/Extensions:/Network/Library/Java/Extensions:/System/Library/Java/Extensions:/usr/lib/java"/>
    <property name="sun.io.unicode.encoding" value="UnicodeBig"/>
    <property name="java.class.version" value="52.0"/>
  </properties>
  <testcase name="testApp on testApp(CheckCode_OCR.CheckCode_OCR.AppTest)" classname="CheckCode_OCR.CheckCode_OCR.AppTest" time="0.14"/>
</testsuite>