<?xml version="1.0" encoding="UTF-8"?>
<!-- Generated by org.testng.reporters.JUnitReportReporter -->
<testsuite skipped="0" hostname="lees-iMac.local" name="CheckCode_OCR.CheckCode_OCR.AppTest" tests="1" failures="0" timestamp="19 Oct 2018 08:35:14 GMT" time="0.006" errors="0">
  <testcase name="testApp" time="0.006" classname="CheckCode_OCR.CheckCode_OCR.AppTest"/>
</testsuite> <!-- CheckCode_OCR.CheckCode_OCR.AppTest -->
